MQSim started at Sun Jun  7 22:58:35 2026

******************************
Executing scenario 1 out of 1 .......
SSD Device preconditioning started .........
The specified initial occupancy value could not be satisfied as the working set of workload #0 is small. MQSim made some adjustments!
Finished preconditioning. Duration of preconditioning: 0:2:21
[>                   ]  0% progress in Host.IO_Flow.Synth.No_0

[=>                  ]  5% progress in Host.IO_Flow.Synth.No_0

[==>                 ]  10% progress in Host.IO_Flow.Synth.No_0

[===>                ]  15% progress in Host.IO_Flow.Synth.No_0

[====>               ]  20% progress in Host.IO_Flow.Synth.No_0

[=====>              ]  25% progress in Host.IO_Flow.Synth.No_0

[======>             ]  30% progress in Host.IO_Flow.Synth.No_0

[=======>            ]  35% progress in Host.IO_Flow.Synth.No_0

[========>           ]  40% progress in Host.IO_Flow.Synth.No_0

[=========>          ]  45% progress in Host.IO_Flow.Synth.No_0

[==========>         ]  50% progress in Host.IO_Flow.Synth.No_0

[===========>        ]  55% progress in Host.IO_Flow.Synth.No_0

[============>       ]  60% progress in Host.IO_Flow.Synth.No_0

[=============>      ]  65% progress in Host.IO_Flow.Synth.No_0

[==============>     ]  70% progress in Host.IO_Flow.Synth.No_0

[===============>    ]  75% progress in Host.IO_Flow.Synth.No_0

[================>   ]  80% progress in Host.IO_Flow.Synth.No_0

[=================>  ]  85% progress in Host.IO_Flow.Synth.No_0

[==================> ]  90% progress in Host.IO_Flow.Synth.No_0

[===================>]  95% progress in Host.IO_Flow.Synth.No_0

[====================]  100% progress in Host.IO_Flow.Synth.No_0

MQSim finished at Sun Jun  7 23:01:18 2026

Total simulation time: 0:2:43

Writing results to output file .......
Flow Host.IO_Flow.Synth.No_0 - total requests generated: 705052 total requests serviced:705051
                   - device response time: 5425 (us) end-to-end request delay:5425 (us)
Simulation complete; Press any key to exit.
REAL=162.78 USER=161.19 SYS=1.58 MAXRSS=4365480_KB
