MQSim started at Sun Jun  7 23:00:27 2026

******************************
Executing scenario 1 out of 1 .......
SSD Device preconditioning started .........
Finished preconditioning. Duration of preconditioning: 0:2:53
[>                   ]  0% progress in Host.IO_Flow.Synth.No_0

[=>                  ]  5% progress in Host.IO_Flow.Synth.No_0

[==>                 ]  10% progress in Host.IO_Flow.Synth.No_0

[===>                ]  15% progress in Host.IO_Flow.Synth.No_0

[====>               ]  20% progress in Host.IO_Flow.Synth.No_0

[=====>              ]  25% progress in Host.IO_Flow.Synth.No_0

[======>             ]  30% progress in Host.IO_Flow.Synth.No_0

[=======>            ]  35% progress in Host.IO_Flow.Synth.No_0

[========>           ]  40% progress in Host.IO_Flow.Synth.No_0

[=========>          ]  45% progress in Host.IO_Flow.Synth.No_0

[==========>         ]  50% progress in Host.IO_Flow.Synth.No_0

[===========>        ]  55% progress in Host.IO_Flow.Synth.No_0

[============>       ]  60% progress in Host.IO_Flow.Synth.No_0

[=============>      ]  65% progress in Host.IO_Flow.Synth.No_0

[==============>     ]  70% progress in Host.IO_Flow.Synth.No_0

[===============>    ]  75% progress in Host.IO_Flow.Synth.No_0

[================>   ]  80% progress in Host.IO_Flow.Synth.No_0

[=================>  ]  85% progress in Host.IO_Flow.Synth.No_0

[==================> ]  90% progress in Host.IO_Flow.Synth.No_0

[===================>]  95% progress in Host.IO_Flow.Synth.No_0

[====================]  100% progress in Host.IO_Flow.Synth.No_0

MQSim finished at Sun Jun  7 23:03:45 2026

Total simulation time: 0:3:18

Writing results to output file .......
Flow Host.IO_Flow.Synth.No_0 - total requests generated: 1172633 total requests serviced:1172633
                   - device response time: 3275 (us) end-to-end request delay:3275 (us)
Simulation complete; Press any key to exit.
REAL=198.42 USER=196.31 SYS=2.09 MAXRSS=6334576_KB
