The specified overprovisioning ratio is too small. The simluation may not run correctly.
MQSim started at Sun Jun  7 21:32:01 2026

******************************
Executing scenario 1 out of 1 .......
SSD Device preconditioning started .........
Finished preconditioning. Duration of preconditioning: 0:2:43
[>                   ]  0% progress in Host.IO_Flow.Synth.No_0

[=>                  ]  5% progress in Host.IO_Flow.Synth.No_0

[==>                 ]  10% progress in Host.IO_Flow.Synth.No_0

[===>                ]  15% progress in Host.IO_Flow.Synth.No_0

[====>               ]  20% progress in Host.IO_Flow.Synth.No_0

[=====>              ]  25% progress in Host.IO_Flow.Synth.No_0

[======>             ]  30% progress in Host.IO_Flow.Synth.No_0

[=======>            ]  35% progress in Host.IO_Flow.Synth.No_0

[========>           ]  40% progress in Host.IO_Flow.Synth.No_0

[=========>          ]  45% progress in Host.IO_Flow.Synth.No_0

[==========>         ]  50% progress in Host.IO_Flow.Synth.No_0

[===========>        ]  55% progress in Host.IO_Flow.Synth.No_0

[============>       ]  60% progress in Host.IO_Flow.Synth.No_0

[=============>      ]  65% progress in Host.IO_Flow.Synth.No_0

[==============>     ]  70% progress in Host.IO_Flow.Synth.No_0

[===============>    ]  75% progress in Host.IO_Flow.Synth.No_0

[================>   ]  80% progress in Host.IO_Flow.Synth.No_0

[=================>  ]  85% progress in Host.IO_Flow.Synth.No_0

[==================> ]  90% progress in Host.IO_Flow.Synth.No_0

[===================>]  95% progress in Host.IO_Flow.Synth.No_0

[====================]  100% progress in Host.IO_Flow.Synth.No_0

MQSim finished at Sun Jun  7 21:35:07 2026

Total simulation time: 0:3:6

Writing results to output file .......
Flow Host.IO_Flow.Synth.No_0 - total requests generated: 1167042 total requests serviced:1167042
                   - device response time: 3290 (us) end-to-end request delay:3290 (us)
Simulation complete; Press any key to exit.
REAL=186.80 USER=184.49 SYS=2.29 MAXRSS=6513156_KB
