MQSim started at Sun Jun  7 21:22:45 2026

******************************
Executing scenario 1 out of 1 .......
SSD Device preconditioning started .........
The specified initial occupancy value could not be satisfied as the working set of workload #0 is small. MQSim made some adjustments!
Finished preconditioning. Duration of preconditioning: 0:2:25
[>                   ]  0% progress in Host.IO_Flow.Synth.No_0

[=>                  ]  5% progress in Host.IO_Flow.Synth.No_0

[==>                 ]  10% progress in Host.IO_Flow.Synth.No_0

[===>                ]  15% progress in Host.IO_Flow.Synth.No_0

[====>               ]  20% progress in Host.IO_Flow.Synth.No_0

[=====>              ]  25% progress in Host.IO_Flow.Synth.No_0

[======>             ]  30% progress in Host.IO_Flow.Synth.No_0

[=======>            ]  35% progress in Host.IO_Flow.Synth.No_0

[========>           ]  40% progress in Host.IO_Flow.Synth.No_0

[=========>          ]  45% progress in Host.IO_Flow.Synth.No_0

[==========>         ]  50% progress in Host.IO_Flow.Synth.No_0

[===========>        ]  55% progress in Host.IO_Flow.Synth.No_0

[============>       ]  60% progress in Host.IO_Flow.Synth.No_0

[=============>      ]  65% progress in Host.IO_Flow.Synth.No_0

[==============>     ]  70% progress in Host.IO_Flow.Synth.No_0

[===============>    ]  75% progress in Host.IO_Flow.Synth.No_0

[================>   ]  80% progress in Host.IO_Flow.Synth.No_0

[=================>  ]  85% progress in Host.IO_Flow.Synth.No_0

[==================> ]  90% progress in Host.IO_Flow.Synth.No_0

[===================>]  95% progress in Host.IO_Flow.Synth.No_0

[====================]  100% progress in Host.IO_Flow.Synth.No_0

MQSim finished at Sun Jun  7 21:25:36 2026

Total simulation time: 0:2:51

Writing results to output file .......
Flow Host.IO_Flow.Synth.No_0 - total requests generated: 1202845 total requests serviced:1202845
                   - device response time: 3192 (us) end-to-end request delay:3192 (us)
Simulation complete; Press any key to exit.
REAL=170.95 USER=169.15 SYS=1.78 MAXRSS=5240248_KB
