========================================================================================================================
EXPERIMENT A — Initial_Occupancy_Percentage trigger boundary refinement
  base: ws=100, thr=0.001, OP=0.07, Read%=1, QD=128, Stop=30s
========================================================================================================================
    occ   GC_Exec   AvgPgMv  GC_Erase_Enq  GC_Write_Enq     UserW    WAF  DevResp_us  MaxResp_us    status
     55        37     31.59            56          5863   1146405  1.005        3322      520907        ok
     60       148     48.05           209         22272   1012553  1.022        3753      820507        ok
     65       440     65.24           562         59220    817151  1.072        4654      822887        ok
     70       691     84.38           815         89536    656348  1.136        5791      760205        ok

  -> First GC trigger at occ = 55

========================================================================================================================
EXPERIMENT B — Working set as GC-COST shaping (not trigger)
  base: occ=50, thr=0.05, OP=0.07, Read%=1, QD=128, Stop=30s   (GC always fires)
========================================================================================================================
     ws   GC_Exec   AvgPgMv    WAF  GC_Write_Enq  GC_Erase_MaxW_us  DevResp_us  MaxResp_us    status
    100      2828     40.65  1.223        147027            594312        5773      775181        ok
     50      2838     40.91  1.226        148222            529866        5785      591806        ok
     20      2850     39.94  1.220        145968            716158        5725      601578        ok
     10      2802     38.42  1.211        139789            521777        5724      542654        ok
      5      2924     35.01  1.193        134507            504243        5425      548123        ok

========================================================================================================================
EXPERIMENT C — GC_Exec_Threshold × Overprovisioning_Ratio 2D matrix
  base: occ=50, ws=100, Read%=1, QD=128, Stop=30s
========================================================================================================================

[Total_GC_Executions]  rows = OP (Overprovisioning), cols = thr (GC_Exec_Threshold)
    OP \ thr       0.001       0.005        0.01       0.025        0.05
        0.07           0           0          15         514        2828
        0.05          15          15          18         543        3035
        0.03          19          19          75         444        2909
        0.02          18          18          50         529        2841
        0.01          20          20          73         667        2923

[Average_Page_Movement_For_GC]  rows = OP (Overprovisioning), cols = thr (GC_Exec_Threshold)
    OP \ thr       0.001       0.005        0.01       0.025        0.05
        0.07        0.00        0.00       21.27       31.16       40.65
        0.05       25.80       25.80       21.94       34.58       43.69
        0.03       26.89       26.89       27.29       34.61       46.71
        0.02       27.67       27.67       27.34       37.63       47.78
        0.01       29.20       29.20       31.34       40.55       49.56

[Write Amplification Factor (WAF)]  rows = OP (Overprovisioning), cols = thr (GC_Exec_Threshold)
    OP \ thr       0.001       0.005        0.01       0.025        0.05
        0.07       1.000       1.000       1.002       1.044       1.223
        0.05       1.002       1.002       1.003       1.049       1.252
        0.03       1.003       1.003       1.011       1.042       1.273
        0.02       1.003       1.003       1.007       1.053       1.279
        0.01       1.003       1.003       1.010       1.064       1.294

[GC_Write_TR_Queue enqueued (sum 32 q)]  rows = OP (Overprovisioning), cols = thr (GC_Exec_Threshold)
    OP \ thr       0.001       0.005        0.01       0.025        0.05
        0.07           0           0        2545       40358      147027
        0.05        2358        2358        3353       44375      164683
        0.03        2984        2984       11688       39430      167986
        0.02        2955        2955        8300       46738      167814
        0.01        3044        3044       11184       54697      176968

[Avg Device Response Time (us)]  rows = OP (Overprovisioning), cols = thr (GC_Exec_Threshold)
    OP \ thr       0.001       0.005        0.01       0.025        0.05
        0.07        3188        3188        3256        4161        5773
        0.05        3247        3247        3275        4237        5822
        0.03        3265        3265        3478        4091        6172
        0.02        3290        3290        3398        4309        6317
        0.01        3278        3278        3459        4477        6316

[Max Device Response Time (us)]  rows = OP (Overprovisioning), cols = thr (GC_Exec_Threshold)
    OP \ thr       0.001       0.005        0.01       0.025        0.05
        0.07        3847        3847      258747      522595      775181
        0.05      262326      262326      267056      346649      517746
        0.03      271234      271234      340876      477810      525424
        0.02      256728      256728      273154      300734      781992
        0.01      217213      217213      291899      555005      435946

[Status grid]
    OP \ thr       0.001       0.005        0.01       0.025        0.05
        0.07          ok          ok          ok          ok          ok
        0.05          ok          ok          ok          ok          ok
        0.03          ok          ok          ok          ok          ok
        0.02          ok          ok          ok          ok          ok
        0.01          ok          ok          ok          ok          ok
